[2026-03-25 07:35:30] [INFO] [KV] Deno KV 資料庫連線成功
[2026-03-25 07:35:30] [INFO] [KV] 系統資訊 模型已有 1 筆資料，跳過初始化
[2026-03-25 07:35:30] [INFO] [KV] 語言 模型已有 9 筆資料，跳過初始化
[2026-03-25 07:35:30] [INFO] [KV] 單字 模型已有 26 筆資料，跳過初始化
[2026-03-25 07:35:30] [INFO] [KV] 圖示 模型已有 32 筆資料，跳過初始化
[2026-03-25 07:35:30] [INFO] [KV] 骨架 模型已有 3 筆資料，跳過初始化
[2026-03-25 07:35:30] [INFO] [KV] 配色 模型已有 18 筆資料，跳過初始化
[2026-03-25 07:35:30] [INFO] [KV] 佈景主題 模型已有 26 筆資料，跳過初始化
[2026-03-25 07:35:30] [INFO] [伺服器] KV 資料庫初始化完成
[2026-03-25 07:35:30] [INFO] [UnoCSS] UnoCSS 生成器初始化完成
[2026-03-25 07:35:30] [INFO] [伺服器] UnoCSS 初始化完成
[2026-03-25 07:35:30] [INFO] [伺服器] 伺服器啟動於 http://localhost:8000
[2026-03-25 07:35:30] [INFO] [伺服器] UnoCSS 測試頁面: http://localhost:8000/test-unocss
[2026-03-25 07:35:30] [INFO] [伺服器] 內部調用測試頁面: http://localhost:8000/test-internal-call
[2026-03-25 07:35:30] [INFO] [伺服器] 系統資訊 API: http://localhost:8000/api/v1/system/info
[2026-03-25 07:35:30] [INFO] [伺服器] 三層查詢測試 API: http://localhost:8000/api/v1/test/three-tier
Listening on http://0.0.0.0:8000/ (http://localhost:8000/)
[2026-03-25 07:35:37] [INFO] [語言解析器] 設定語言: zh-tw
[2026-03-25 07:35:37] [INFO] [DB-Resolver] 處理請求: host=localhost:8000, tenant=default
[2026-03-25 07:35:37] [INFO] [DB-Resolver] L2 連線資訊不存在，跳過 L2 初始化
[2026-03-25 07:35:37] [INFO] [DB-Resolver] 可用資料庫層級: L1(KV)
[2026-03-25 07:35:37] [INFO] [API Service] 處理 GET /api/v1/theme
[2026-03-25 07:35:37] [INFO] [API Service] 路由解析結果: filePath=./theme.ts, module=theme, action=, id=
[2026-03-25 07:35:37] [ERROR] [API Service] 載入模組 ./theme.ts 失敗: TypeError: Module not found "file:///Users/hector/%E7%A8%8B%E5%BC%8F%E8%A8%AD%E8%A8%88/webcube2027/services/apiService/theme.ts".
[2026-03-25 07:35:37] [INFO] [API Service] 單數轉複數: theme -> themes
[2026-03-25 07:35:37] [INFO] [佈景主題 API] 開始取得當前佈景主題
[2026-03-25 07:35:37] [INFO] [語言解析器] 設定語言: zh-tw
[2026-03-25 07:35:37] [INFO] [DB-Resolver] 處理請求: host=localhost, tenant=default
[2026-03-25 07:35:37] [INFO] [DB-Resolver] L2 連線資訊不存在，跳過 L2 初始化
[2026-03-25 07:35:37] [INFO] [DB-Resolver] 可用資料庫層級: L1(KV)
[2026-03-25 07:35:37] [INFO] [API Service] 處理 GET /api/v1/info
[2026-03-25 07:35:37] [INFO] [API Service] 路由解析結果: filePath=./info.ts, module=info, action=, id=
[2026-03-25 07:35:37] [INFO] [統一資訊 API] 處理取得統一資訊請求
[2026-03-25 07:35:37] [INFO] [語言解析器] 設定語言: zh-tw
[2026-03-25 07:35:37] [INFO] [DB-Resolver] 處理請求: host=localhost, tenant=default
[2026-03-25 07:35:37] [INFO] [DB-Resolver] L2 連線資訊不存在，跳過 L2 初始化
[2026-03-25 07:35:37] [INFO] [DB-Resolver] 可用資料庫層級: L1(KV)
[2026-03-25 07:35:37] [INFO] [API Service] 處理 GET /api/v1/websites/info
[2026-03-25 07:35:37] [INFO] [API Service] 路由解析結果: filePath=./websites/info.ts, module=websites, action=info, id=
[2026-03-25 07:35:37] [INFO] [網站資訊 API] 處理取得網站資訊請求
[2026-03-25 07:35:37] [INFO] [語言解析器] 設定語言: zh-tw
[2026-03-25 07:35:37] [INFO] [DB-Resolver] 處理請求: host=localhost, tenant=default
[2026-03-25 07:35:37] [INFO] [DB-Resolver] L2 連線資訊不存在，跳過 L2 初始化
[2026-03-25 07:35:37] [INFO] [DB-Resolver] 可用資料庫層級: L1(KV)
[2026-03-25 07:35:37] [INFO] [API Service] 處理 GET /api/v1/system/info
[2026-03-25 07:35:37] [INFO] [API Service] 路由解析結果: filePath=./system/info.ts, module=system, action=info, id=
[2026-03-25 07:35:37] [INFO] [系統資訊 API] 處理取得系統資訊請求
[2026-03-25 07:35:37] [INFO] [統一資訊 API] 成功取得系統資訊
[2026-03-25 07:35:37] [INFO] [佈景主題 API] 從資訊直接取得佈景主題: 佈景主題:佈景主題:經典藍
[2026-03-25 07:35:37] [INFO] [語言解析器] 設定語言: zh-tw
[2026-03-25 07:35:37] [INFO] [DB-Resolver] 處理請求: host=localhost, tenant=default
[2026-03-25 07:35:37] [INFO] [DB-Resolver] L2 連線資訊不存在，跳過 L2 初始化
[2026-03-25 07:35:37] [INFO] [DB-Resolver] 可用資料庫層級: L1(KV)
[2026-03-25 07:35:37] [INFO] [API Service] 處理 GET /api/v1/themes/佈景主題:佈景主題:經典藍
[2026-03-25 07:35:37] [INFO] [API Service] 路由解析結果: filePath=./themes.ts, module=themes, action=, id=佈景主題:佈景主題:經典藍
[2026-03-25 07:35:37] [INFO] [佈景主題 API] 取得佈景主題: 佈景主題:佈景主題:經典藍
[2026-03-25 07:35:37] [INFO] [三層查詢] L1 查詢成功: 佈景主題:佈景主題:佈景主題:經典藍
[2026-03-25 07:35:37] [INFO] [佈景主題 API] 取得佈景主題: 佈景主題:佈景主題:經典藍 (來源: L1)
[2026-03-25 07:35:44] [INFO] [語言解析器] 設定語言: zh-tw
[2026-03-25 07:35:44] [INFO] [DB-Resolver] 處理請求: host=localhost:8000, tenant=default
[2026-03-25 07:35:44] [INFO] [DB-Resolver] L2 連線資訊不存在，跳過 L2 初始化
[2026-03-25 07:35:44] [INFO] [DB-Resolver] 可用資料庫層級: L1(KV)
[2026-03-25 07:35:44] [INFO] [API Service] 處理 GET /api/v1/theme
[2026-03-25 07:35:44] [INFO] [API Service] 路由解析結果: filePath=./theme.ts, module=theme, action=, id=
[2026-03-25 07:35:44] [ERROR] [API Service] 載入模組 ./theme.ts 失敗: TypeError: Module not found "file:///Users/hector/%E7%A8%8B%E5%BC%8F%E8%A8%AD%E8%A8%88/webcube2027/services/apiService/theme.ts".
[2026-03-25 07:35:44] [INFO] [API Service] 單數轉複數: theme -> themes
[2026-03-25 07:35:44] [INFO] [佈景主題 API] 開始取得當前佈景主題
[2026-03-25 07:35:44] [INFO] [語言解析器] 設定語言: zh-tw
[2026-03-25 07:35:44] [INFO] [DB-Resolver] 處理請求: host=localhost, tenant=default
[2026-03-25 07:35:44] [INFO] [DB-Resolver] L2 連線資訊不存在，跳過 L2 初始化
[2026-03-25 07:35:44] [INFO] [DB-Resolver] 可用資料庫層級: L1(KV)
[2026-03-25 07:35:44] [INFO] [API Service] 處理 GET /api/v1/info
[2026-03-25 07:35:44] [INFO] [API Service] 路由解析結果: filePath=./info.ts, module=info, action=, id=
[2026-03-25 07:35:44] [INFO] [統一資訊 API] 處理取得統一資訊請求
[2026-03-25 07:35:44] [INFO] [語言解析器] 設定語言: zh-tw
[2026-03-25 07:35:44] [INFO] [DB-Resolver] 處理請求: host=localhost, tenant=default
[2026-03-25 07:35:44] [INFO] [DB-Resolver] L2 連線資訊不存在，跳過 L2 初始化
[2026-03-25 07:35:44] [INFO] [DB-Resolver] 可用資料庫層級: L1(KV)
[2026-03-25 07:35:44] [INFO] [API Service] 處理 GET /api/v1/websites/info
[2026-03-25 07:35:44] [INFO] [API Service] 路由解析結果: filePath=./websites/info.ts, module=websites, action=info, id=
[2026-03-25 07:35:44] [INFO] [網站資訊 API] 處理取得網站資訊請求
[2026-03-25 07:35:44] [INFO] [語言解析器] 設定語言: zh-tw
[2026-03-25 07:35:44] [INFO] [DB-Resolver] 處理請求: host=localhost, tenant=default
[2026-03-25 07:35:44] [INFO] [DB-Resolver] L2 連線資訊不存在，跳過 L2 初始化
[2026-03-25 07:35:44] [INFO] [DB-Resolver] 可用資料庫層級: L1(KV)
[2026-03-25 07:35:44] [INFO] [API Service] 處理 GET /api/v1/system/info
[2026-03-25 07:35:44] [INFO] [API Service] 路由解析結果: filePath=./system/info.ts, module=system, action=info, id=
[2026-03-25 07:35:44] [INFO] [系統資訊 API] 處理取得系統資訊請求
[2026-03-25 07:35:44] [INFO] [統一資訊 API] 成功取得系統資訊
[2026-03-25 07:35:44] [INFO] [佈景主題 API] 從資訊直接取得佈景主題: 佈景主題:佈景主題:經典藍
[2026-03-25 07:35:44] [INFO] [語言解析器] 設定語言: zh-tw
[2026-03-25 07:35:44] [INFO] [DB-Resolver] 處理請求: host=localhost, tenant=default
[2026-03-25 07:35:44] [INFO] [DB-Resolver] L2 連線資訊不存在，跳過 L2 初始化
[2026-03-25 07:35:44] [INFO] [DB-Resolver] 可用資料庫層級: L1(KV)
[2026-03-25 07:35:44] [INFO] [API Service] 處理 GET /api/v1/themes/佈景主題:佈景主題:經典藍
[2026-03-25 07:35:44] [INFO] [API Service] 路由解析結果: filePath=./themes.ts, module=themes, action=, id=佈景主題:佈景主題:經典藍
[2026-03-25 07:35:44] [INFO] [佈景主題 API] 取得佈景主題: 佈景主題:佈景主題:經典藍
[2026-03-25 07:35:44] [INFO] [三層查詢] L1 查詢成功: 佈景主題:佈景主題:佈景主題:經典藍
[2026-03-25 07:35:44] [INFO] [佈景主題 API] 取得佈景主題: 佈景主題:佈景主題:經典藍 (來源: L1)
[2026-03-25 07:36:58] [INFO] [語言解析器] 設定語言: zh-tw
[2026-03-25 07:36:58] [INFO] [DB-Resolver] 處理請求: host=localhost:8000, tenant=default
[2026-03-25 07:36:58] [INFO] [DB-Resolver] L2 連線資訊不存在，跳過 L2 初始化
[2026-03-25 07:36:58] [INFO] [DB-Resolver] 可用資料庫層級: L1(KV)
[2026-03-25 07:36:58] [INFO] [API Service] 處理 GET /api/v1/skeleton
[2026-03-25 07:36:58] [INFO] [API Service] 路由解析結果: filePath=./skeleton.ts, module=skeleton, action=, id=
[2026-03-25 07:36:58] [ERROR] [API Service] 載入模組 ./skeleton.ts 失敗: TypeError: Module not found "file:///Users/hector/%E7%A8%8B%E5%BC%8F%E8%A8%AD%E8%A8%88/webcube2027/services/apiService/skeleton.ts".
[2026-03-25 07:36:58] [INFO] [API Service] 單數轉複數: skeleton -> skeletons
[2026-03-25 07:36:58] [INFO] [骨架 API] 開始取得當前骨架
[2026-03-25 07:36:58] [INFO] [語言解析器] 設定語言: zh-tw
[2026-03-25 07:36:58] [INFO] [DB-Resolver] 處理請求: host=localhost, tenant=default
[2026-03-25 07:36:58] [INFO] [DB-Resolver] L2 連線資訊不存在，跳過 L2 初始化
[2026-03-25 07:36:58] [INFO] [DB-Resolver] 可用資料庫層級: L1(KV)
[2026-03-25 07:36:58] [INFO] [API Service] 處理 GET /api/v1/info
[2026-03-25 07:36:58] [INFO] [API Service] 路由解析結果: filePath=./info.ts, module=info, action=, id=
[2026-03-25 07:36:58] [INFO] [統一資訊 API] 處理取得統一資訊請求
[2026-03-25 07:36:58] [INFO] [語言解析器] 設定語言: zh-tw
[2026-03-25 07:36:58] [INFO] [DB-Resolver] 處理請求: host=localhost, tenant=default
[2026-03-25 07:36:58] [INFO] [DB-Resolver] L2 連線資訊不存在，跳過 L2 初始化
[2026-03-25 07:36:58] [INFO] [DB-Resolver] 可用資料庫層級: L1(KV)
[2026-03-25 07:36:58] [INFO] [API Service] 處理 GET /api/v1/websites/info
[2026-03-25 07:36:58] [INFO] [API Service] 路由解析結果: filePath=./websites/info.ts, module=websites, action=info, id=
[2026-03-25 07:36:58] [INFO] [網站資訊 API] 處理取得網站資訊請求
[2026-03-25 07:36:58] [INFO] [語言解析器] 設定語言: zh-tw
[2026-03-25 07:36:58] [INFO] [DB-Resolver] 處理請求: host=localhost, tenant=default
[2026-03-25 07:36:58] [INFO] [DB-Resolver] L2 連線資訊不存在，跳過 L2 初始化
[2026-03-25 07:36:58] [INFO] [DB-Resolver] 可用資料庫層級: L1(KV)
[2026-03-25 07:36:58] [INFO] [API Service] 處理 GET /api/v1/system/info
[2026-03-25 07:36:58] [INFO] [API Service] 路由解析結果: filePath=./system/info.ts, module=system, action=info, id=
[2026-03-25 07:36:58] [INFO] [系統資訊 API] 處理取得系統資訊請求
[2026-03-25 07:36:58] [INFO] [統一資訊 API] 成功取得系統資訊
[2026-03-25 07:36:58] [INFO] [骨架 API] 從資訊直接取得骨架: 骨架:骨架:經典
[2026-03-25 07:36:58] [INFO] [語言解析器] 設定語言: zh-tw
[2026-03-25 07:36:58] [INFO] [DB-Resolver] 處理請求: host=localhost, tenant=default
[2026-03-25 07:36:58] [INFO] [DB-Resolver] L2 連線資訊不存在，跳過 L2 初始化
[2026-03-25 07:36:58] [INFO] [DB-Resolver] 可用資料庫層級: L1(KV)
[2026-03-25 07:36:58] [INFO] [API Service] 處理 GET /api/v1/skeletons/骨架:骨架:經典
[2026-03-25 07:36:58] [INFO] [API Service] 路由解析結果: filePath=./skeletons.ts, module=skeletons, action=, id=骨架:骨架:經典
[2026-03-25 07:36:58] [INFO] [骨架 API] 取得骨架: 骨架:骨架:經典
[2026-03-25 07:36:58] [INFO] [三層查詢] L1 查詢成功: 骨架:骨架:骨架:經典
[2026-03-25 07:36:58] [INFO] [骨架 API] 取得骨架: 骨架:骨架:經典 (來源: L1)
[2026-03-25 07:37:05] [INFO] [語言解析器] 設定語言: zh-tw
[2026-03-25 07:37:05] [INFO] [DB-Resolver] 處理請求: host=localhost:8000, tenant=default
[2026-03-25 07:37:05] [INFO] [DB-Resolver] L2 連線資訊不存在，跳過 L2 初始化
[2026-03-25 07:37:05] [INFO] [DB-Resolver] 可用資料庫層級: L1(KV)
[2026-03-25 07:37:05] [INFO] [API Service] 處理 GET /api/v1/skeleton
[2026-03-25 07:37:05] [INFO] [API Service] 路由解析結果: filePath=./skeleton.ts, module=skeleton, action=, id=
[2026-03-25 07:37:05] [ERROR] [API Service] 載入模組 ./skeleton.ts 失敗: TypeError: Module not found "file:///Users/hector/%E7%A8%8B%E5%BC%8F%E8%A8%AD%E8%A8%88/webcube2027/services/apiService/skeleton.ts".
[2026-03-25 07:37:05] [INFO] [API Service] 單數轉複數: skeleton -> skeletons
[2026-03-25 07:37:05] [INFO] [骨架 API] 開始取得當前骨架
[2026-03-25 07:37:05] [INFO] [語言解析器] 設定語言: zh-tw
[2026-03-25 07:37:05] [INFO] [DB-Resolver] 處理請求: host=localhost, tenant=default
[2026-03-25 07:37:05] [INFO] [DB-Resolver] L2 連線資訊不存在，跳過 L2 初始化
[2026-03-25 07:37:05] [INFO] [DB-Resolver] 可用資料庫層級: L1(KV)
[2026-03-25 07:37:05] [INFO] [API Service] 處理 GET /api/v1/info
[2026-03-25 07:37:05] [INFO] [API Service] 路由解析結果: filePath=./info.ts, module=info, action=, id=
[2026-03-25 07:37:05] [INFO] [統一資訊 API] 處理取得統一資訊請求
[2026-03-25 07:37:05] [INFO] [語言解析器] 設定語言: zh-tw
[2026-03-25 07:37:05] [INFO] [DB-Resolver] 處理請求: host=localhost, tenant=default
[2026-03-25 07:37:05] [INFO] [DB-Resolver] L2 連線資訊不存在，跳過 L2 初始化
[2026-03-25 07:37:05] [INFO] [DB-Resolver] 可用資料庫層級: L1(KV)
[2026-03-25 07:37:05] [INFO] [API Service] 處理 GET /api/v1/websites/info
[2026-03-25 07:37:05] [INFO] [API Service] 路由解析結果: filePath=./websites/info.ts, module=websites, action=info, id=
[2026-03-25 07:37:05] [INFO] [網站資訊 API] 處理取得網站資訊請求
[2026-03-25 07:37:05] [INFO] [語言解析器] 設定語言: zh-tw
[2026-03-25 07:37:05] [INFO] [DB-Resolver] 處理請求: host=localhost, tenant=default
[2026-03-25 07:37:05] [INFO] [DB-Resolver] L2 連線資訊不存在，跳過 L2 初始化
[2026-03-25 07:37:05] [INFO] [DB-Resolver] 可用資料庫層級: L1(KV)
[2026-03-25 07:37:05] [INFO] [API Service] 處理 GET /api/v1/system/info
[2026-03-25 07:37:05] [INFO] [API Service] 路由解析結果: filePath=./system/info.ts, module=system, action=info, id=
[2026-03-25 07:37:05] [INFO] [系統資訊 API] 處理取得系統資訊請求
[2026-03-25 07:37:05] [INFO] [統一資訊 API] 成功取得系統資訊
[2026-03-25 07:37:05] [INFO] [骨架 API] 從資訊直接取得骨架: 骨架:骨架:經典
[2026-03-25 07:37:05] [INFO] [語言解析器] 設定語言: zh-tw
[2026-03-25 07:37:05] [INFO] [DB-Resolver] 處理請求: host=localhost, tenant=default
[2026-03-25 07:37:05] [INFO] [DB-Resolver] L2 連線資訊不存在，跳過 L2 初始化
[2026-03-25 07:37:05] [INFO] [DB-Resolver] 可用資料庫層級: L1(KV)
[2026-03-25 07:37:05] [INFO] [API Service] 處理 GET /api/v1/skeletons/骨架:骨架:經典
[2026-03-25 07:37:05] [INFO] [API Service] 路由解析結果: filePath=./skeletons.ts, module=skeletons, action=, id=骨架:骨架:經典
[2026-03-25 07:37:05] [INFO] [骨架 API] 取得骨架: 骨架:骨架:經典
[2026-03-25 07:37:05] [INFO] [三層查詢] L1 查詢成功: 骨架:骨架:骨架:經典
[2026-03-25 07:37:05] [INFO] [骨架 API] 取得骨架: 骨架:骨架:經典 (來源: L1)
[2026-03-25 08:16:34] [INFO] [語言解析器] 設定語言: zh-tw
[2026-03-25 08:16:34] [INFO] [DB-Resolver] 處理請求: host=localhost:8000, tenant=default
[2026-03-25 08:16:34] [INFO] [DB-Resolver] L2 連線資訊不存在，跳過 L2 初始化
[2026-03-25 08:16:34] [INFO] [DB-Resolver] 可用資料庫層級: L1(KV)
[2026-03-25 08:16:34] [INFO] [API Service] 處理 GET /api/v1/defaults/theme
[2026-03-25 08:16:34] [INFO] [API Service] 路由解析結果: filePath=./defaults/theme.ts, module=defaults, action=theme, id=
[2026-03-25 08:16:34] [ERROR] [API Service] 載入模組 ./defaults/theme.ts 失敗: TypeError: Module not found "file:///Users/hector/%E7%A8%8B%E5%BC%8F%E8%A8%AD%E8%A8%88/webcube2027/services/apiService/defaults/theme.ts".
[2026-03-25 08:16:38] [INFO] [語言解析器] 設定語言: zh-tw
[2026-03-25 08:16:38] [INFO] [DB-Resolver] 處理請求: host=localhost:8000, tenant=default
[2026-03-25 08:16:38] [INFO] [DB-Resolver] L2 連線資訊不存在，跳過 L2 初始化
[2026-03-25 08:16:38] [INFO] [DB-Resolver] 可用資料庫層級: L1(KV)
[2026-03-25 08:16:38] [INFO] [API Service] 處理 GET /api/v1/defaults/theme
[2026-03-25 08:16:38] [INFO] [API Service] 路由解析結果: filePath=./defaults/theme.ts, module=defaults, action=theme, id=
[2026-03-25 08:16:38] [ERROR] [API Service] 載入模組 ./defaults/theme.ts 失敗: TypeError: Module not found "file:///Users/hector/%E7%A8%8B%E5%BC%8F%E8%A8%AD%E8%A8%88/webcube2027/services/apiService/defaults/theme.ts".
[2026-03-25 08:16:43] [INFO] [語言解析器] 設定語言: zh-tw
[2026-03-25 08:16:43] [INFO] [DB-Resolver] 處理請求: host=localhost:8000, tenant=default
[2026-03-25 08:16:43] [INFO] [DB-Resolver] L2 連線資訊不存在，跳過 L2 初始化
[2026-03-25 08:16:43] [INFO] [DB-Resolver] 可用資料庫層級: L1(KV)
[2026-03-25 08:16:43] [INFO] [API Service] 處理 GET /api/v1/defaults
[2026-03-25 08:16:43] [INFO] [API Service] 路由解析結果: filePath=./defaults.ts, module=defaults, action=, id=
[2026-03-25 08:16:43] [INFO] [預設值 API] 開始取得所有預設值
[2026-03-25 08:16:43] [INFO] [三層查詢] 取得預設值成功: 佈景主題
[2026-03-25 08:16:43] [INFO] [三層查詢] 取得預設值成功: 配色
[2026-03-25 08:16:43] [INFO] [三層查詢] 取得預設值成功: 骨架
[2026-03-25 08:16:43] [INFO] [預設值 API] 所有預設值取得完成
[2026-03-25 08:16:48] [INFO] [語言解析器] 設定語言: zh-tw
[2026-03-25 08:16:48] [INFO] [DB-Resolver] 處理請求: host=localhost:8000, tenant=default
[2026-03-25 08:16:48] [INFO] [DB-Resolver] L2 連線資訊不存在，跳過 L2 初始化
[2026-03-25 08:16:48] [INFO] [DB-Resolver] 可用資料庫層級: L1(KV)
[2026-03-25 08:16:48] [INFO] [API Service] 處理 GET /api/v1/defaults
[2026-03-25 08:16:48] [INFO] [API Service] 路由解析結果: filePath=./defaults.ts, module=defaults, action=, id=
[2026-03-25 08:16:48] [INFO] [預設值 API] 開始取得所有預設值
[2026-03-25 08:16:48] [INFO] [三層查詢] 取得預設值成功: 佈景主題
[2026-03-25 08:16:48] [INFO] [三層查詢] 取得預設值成功: 配色
[2026-03-25 08:16:48] [INFO] [三層查詢] 取得預設值成功: 骨架
[2026-03-25 08:16:48] [INFO] [預設值 API] 所有預設值取得完成
[2026-03-25 08:20:57] [INFO] [語言解析器] 設定語言: zh-tw
[2026-03-25 08:20:57] [INFO] [DB-Resolver] 處理請求: host=localhost:8000, tenant=default
[2026-03-25 08:20:57] [INFO] [DB-Resolver] L2 連線資訊不存在，跳過 L2 初始化
[2026-03-25 08:20:57] [INFO] [DB-Resolver] 可用資料庫層級: L1(KV)
[2026-03-25 08:20:57] [INFO] [API Service] 處理 GET /api/v1/color
[2026-03-25 08:20:57] [INFO] [API Service] 路由解析結果: filePath=./color.ts, module=color, action=, id=
[2026-03-25 08:20:57] [ERROR] [API Service] 載入模組 ./color.ts 失敗: TypeError: Module not found "file:///Users/hector/%E7%A8%8B%E5%BC%8F%E8%A8%AD%E8%A8%88/webcube2027/services/apiService/color.ts".
[2026-03-25 08:20:57] [INFO] [API Service] 單數轉複數: color -> colors
[2026-03-25 08:20:57] [INFO] [配色 API] 開始取得當前配色
[2026-03-25 08:20:57] [INFO] [語言解析器] 設定語言: zh-tw
[2026-03-25 08:20:57] [INFO] [DB-Resolver] 處理請求: host=localhost, tenant=default
[2026-03-25 08:20:57] [INFO] [DB-Resolver] L2 連線資訊不存在，跳過 L2 初始化
[2026-03-25 08:20:57] [INFO] [DB-Resolver] 可用資料庫層級: L1(KV)
[2026-03-25 08:20:57] [INFO] [API Service] 處理 GET /api/v1/info
[2026-03-25 08:20:57] [INFO] [API Service] 路由解析結果: filePath=./info.ts, module=info, action=, id=
[2026-03-25 08:20:57] [INFO] [統一資訊 API] 處理取得統一資訊請求
[2026-03-25 08:20:57] [INFO] [語言解析器] 設定語言: zh-tw
[2026-03-25 08:20:57] [INFO] [DB-Resolver] 處理請求: host=localhost, tenant=default
[2026-03-25 08:20:57] [INFO] [DB-Resolver] L2 連線資訊不存在，跳過 L2 初始化
[2026-03-25 08:20:57] [INFO] [DB-Resolver] 可用資料庫層級: L1(KV)
[2026-03-25 08:20:57] [INFO] [API Service] 處理 GET /api/v1/websites/info
[2026-03-25 08:20:57] [INFO] [API Service] 路由解析結果: filePath=./websites/info.ts, module=websites, action=info, id=
[2026-03-25 08:20:57] [INFO] [網站資訊 API] 處理取得網站資訊請求
[2026-03-25 08:20:57] [INFO] [語言解析器] 設定語言: zh-tw
[2026-03-25 08:20:57] [INFO] [DB-Resolver] 處理請求: host=localhost, tenant=default
[2026-03-25 08:20:57] [INFO] [DB-Resolver] L2 連線資訊不存在，跳過 L2 初始化
[2026-03-25 08:20:57] [INFO] [DB-Resolver] 可用資料庫層級: L1(KV)
[2026-03-25 08:20:57] [INFO] [API Service] 處理 GET /api/v1/system/info
[2026-03-25 08:20:57] [INFO] [API Service] 路由解析結果: filePath=./system/info.ts, module=system, action=info, id=
[2026-03-25 08:20:57] [INFO] [系統資訊 API] 處理取得系統資訊請求
[2026-03-25 08:20:57] [INFO] [統一資訊 API] 成功取得系統資訊
[2026-03-25 08:20:57] [INFO] [配色 API] 從資訊直接取得配色: 配色:配色:經典藍
[2026-03-25 08:20:57] [INFO] [語言解析器] 設定語言: zh-tw
[2026-03-25 08:20:57] [INFO] [DB-Resolver] 處理請求: host=localhost, tenant=default
[2026-03-25 08:20:57] [INFO] [DB-Resolver] L2 連線資訊不存在，跳過 L2 初始化
[2026-03-25 08:20:57] [INFO] [DB-Resolver] 可用資料庫層級: L1(KV)
[2026-03-25 08:20:57] [INFO] [API Service] 處理 GET /api/v1/colors/配色:配色:經典藍
[2026-03-25 08:20:57] [INFO] [API Service] 路由解析結果: filePath=./colors.ts, module=colors, action=, id=配色:配色:經典藍
[2026-03-25 08:20:57] [INFO] [配色 API] 取得配色: 配色:配色:經典藍
[2026-03-25 08:20:57] [INFO] [三層查詢] L1 查詢成功: 配色:配色:配色:經典藍
[2026-03-25 08:20:57] [INFO] [配色 API] 取得配色: 配色:配色:經典藍 (來源: L1)
[2026-03-25 08:21:38] [INFO] [語言解析器] 設定語言: zh-tw
[2026-03-25 08:21:38] [INFO] [DB-Resolver] 處理請求: host=localhost:8000, tenant=default
[2026-03-25 08:21:38] [INFO] [DB-Resolver] L2 連線資訊不存在，跳過 L2 初始化
[2026-03-25 08:21:38] [INFO] [DB-Resolver] 可用資料庫層級: L1(KV)
[2026-03-25 08:21:38] [INFO] [API Service] 處理 GET /api/v1/info
[2026-03-25 08:21:38] [INFO] [API Service] 路由解析結果: filePath=./info.ts, module=info, action=, id=
[2026-03-25 08:21:38] [INFO] [統一資訊 API] 處理取得統一資訊請求
[2026-03-25 08:21:38] [INFO] [語言解析器] 設定語言: zh-tw
[2026-03-25 08:21:38] [INFO] [DB-Resolver] 處理請求: host=localhost, tenant=default
[2026-03-25 08:21:38] [INFO] [DB-Resolver] L2 連線資訊不存在，跳過 L2 初始化
[2026-03-25 08:21:38] [INFO] [DB-Resolver] 可用資料庫層級: L1(KV)
[2026-03-25 08:21:38] [INFO] [API Service] 處理 GET /api/v1/websites/info
[2026-03-25 08:21:38] [INFO] [API Service] 路由解析結果: filePath=./websites/info.ts, module=websites, action=info, id=
[2026-03-25 08:21:38] [INFO] [網站資訊 API] 處理取得網站資訊請求
[2026-03-25 08:21:38] [INFO] [語言解析器] 設定語言: zh-tw
[2026-03-25 08:21:38] [INFO] [DB-Resolver] 處理請求: host=localhost, tenant=default
[2026-03-25 08:21:38] [INFO] [DB-Resolver] L2 連線資訊不存在，跳過 L2 初始化
[2026-03-25 08:21:38] [INFO] [DB-Resolver] 可用資料庫層級: L1(KV)
[2026-03-25 08:21:38] [INFO] [API Service] 處理 GET /api/v1/system/info
[2026-03-25 08:21:38] [INFO] [API Service] 路由解析結果: filePath=./system/info.ts, module=system, action=info, id=
[2026-03-25 08:21:38] [INFO] [系統資訊 API] 處理取得系統資訊請求
[2026-03-25 08:21:38] [INFO] [統一資訊 API] 成功取得系統資訊
[2026-03-25 08:21:48] [INFO] [語言解析器] 設定語言: zh-tw
[2026-03-25 08:21:48] [INFO] [DB-Resolver] 處理請求: host=localhost:8000, tenant=default
[2026-03-25 08:21:48] [INFO] [DB-Resolver] L2 連線資訊不存在，跳過 L2 初始化
[2026-03-25 08:21:48] [INFO] [DB-Resolver] 可用資料庫層級: L1(KV)
[2026-03-25 08:21:48] [INFO] [API Service] 處理 GET /api/v1/info
[2026-03-25 08:21:48] [INFO] [API Service] 路由解析結果: filePath=./info.ts, module=info, action=, id=
[2026-03-25 08:21:48] [INFO] [統一資訊 API] 處理取得統一資訊請求
[2026-03-25 08:21:48] [INFO] [語言解析器] 設定語言: zh-tw
[2026-03-25 08:21:48] [INFO] [DB-Resolver] 處理請求: host=localhost, tenant=default
[2026-03-25 08:21:48] [INFO] [DB-Resolver] L2 連線資訊不存在，跳過 L2 初始化
[2026-03-25 08:21:48] [INFO] [DB-Resolver] 可用資料庫層級: L1(KV)
[2026-03-25 08:21:48] [INFO] [API Service] 處理 GET /api/v1/websites/info
[2026-03-25 08:21:48] [INFO] [API Service] 路由解析結果: filePath=./websites/info.ts, module=websites, action=info, id=
[2026-03-25 08:21:48] [INFO] [網站資訊 API] 處理取得網站資訊請求
[2026-03-25 08:21:48] [INFO] [語言解析器] 設定語言: zh-tw
[2026-03-25 08:21:48] [INFO] [DB-Resolver] 處理請求: host=localhost, tenant=default
[2026-03-25 08:21:48] [INFO] [DB-Resolver] L2 連線資訊不存在，跳過 L2 初始化
[2026-03-25 08:21:48] [INFO] [DB-Resolver] 可用資料庫層級: L1(KV)
[2026-03-25 08:21:48] [INFO] [API Service] 處理 GET /api/v1/system/info
[2026-03-25 08:21:48] [INFO] [API Service] 路由解析結果: filePath=./system/info.ts, module=system, action=info, id=
[2026-03-25 08:21:48] [INFO] [系統資訊 API] 處理取得系統資訊請求
[2026-03-25 08:21:48] [INFO] [統一資訊 API] 成功取得系統資訊
[2026-03-25 08:21:54] [INFO] [語言解析器] 設定語言: zh-tw
[2026-03-25 08:21:54] [INFO] [DB-Resolver] 處理請求: host=localhost:8000, tenant=default
[2026-03-25 08:21:54] [INFO] [DB-Resolver] L2 連線資訊不存在，跳過 L2 初始化
[2026-03-25 08:21:54] [INFO] [DB-Resolver] 可用資料庫層級: L1(KV)
[2026-03-25 08:21:54] [INFO] [API Service] 處理 GET /api/v1/theme
[2026-03-25 08:21:54] [INFO] [API Service] 路由解析結果: filePath=./theme.ts, module=theme, action=, id=
[2026-03-25 08:21:54] [ERROR] [API Service] 載入模組 ./theme.ts 失敗: TypeError: Module not found "file:///Users/hector/%E7%A8%8B%E5%BC%8F%E8%A8%AD%E8%A8%88/webcube2027/services/apiService/theme.ts".
[2026-03-25 08:21:54] [INFO] [API Service] 單數轉複數: theme -> themes
[2026-03-25 08:21:54] [INFO] [佈景主題 API] 開始取得當前佈景主題
[2026-03-25 08:21:54] [INFO] [語言解析器] 設定語言: zh-tw
[2026-03-25 08:21:54] [INFO] [DB-Resolver] 處理請求: host=localhost, tenant=default
[2026-03-25 08:21:54] [INFO] [DB-Resolver] L2 連線資訊不存在，跳過 L2 初始化
[2026-03-25 08:21:54] [INFO] [DB-Resolver] 可用資料庫層級: L1(KV)
[2026-03-25 08:21:54] [INFO] [API Service] 處理 GET /api/v1/info
[2026-03-25 08:21:54] [INFO] [API Service] 路由解析結果: filePath=./info.ts, module=info, action=, id=
[2026-03-25 08:21:54] [INFO] [統一資訊 API] 處理取得統一資訊請求
[2026-03-25 08:21:54] [INFO] [語言解析器] 設定語言: zh-tw
[2026-03-25 08:21:54] [INFO] [DB-Resolver] 處理請求: host=localhost, tenant=default
[2026-03-25 08:21:54] [INFO] [DB-Resolver] L2 連線資訊不存在，跳過 L2 初始化
[2026-03-25 08:21:54] [INFO] [DB-Resolver] 可用資料庫層級: L1(KV)
[2026-03-25 08:21:54] [INFO] [API Service] 處理 GET /api/v1/websites/info
[2026-03-25 08:21:54] [INFO] [API Service] 路由解析結果: filePath=./websites/info.ts, module=websites, action=info, id=
[2026-03-25 08:21:54] [INFO] [網站資訊 API] 處理取得網站資訊請求
[2026-03-25 08:21:54] [INFO] [語言解析器] 設定語言: zh-tw
[2026-03-25 08:21:54] [INFO] [DB-Resolver] 處理請求: host=localhost, tenant=default
[2026-03-25 08:21:54] [INFO] [DB-Resolver] L2 連線資訊不存在，跳過 L2 初始化
[2026-03-25 08:21:54] [INFO] [DB-Resolver] 可用資料庫層級: L1(KV)
[2026-03-25 08:21:54] [INFO] [API Service] 處理 GET /api/v1/system/info
[2026-03-25 08:21:54] [INFO] [API Service] 路由解析結果: filePath=./system/info.ts, module=system, action=info, id=
[2026-03-25 08:21:54] [INFO] [系統資訊 API] 處理取得系統資訊請求
[2026-03-25 08:21:54] [INFO] [統一資訊 API] 成功取得系統資訊
[2026-03-25 08:21:54] [INFO] [佈景主題 API] 從資訊直接取得佈景主題: 佈景主題:佈景主題:經典藍
[2026-03-25 08:21:54] [INFO] [語言解析器] 設定語言: zh-tw
[2026-03-25 08:21:54] [INFO] [DB-Resolver] 處理請求: host=localhost, tenant=default
[2026-03-25 08:21:54] [INFO] [DB-Resolver] L2 連線資訊不存在，跳過 L2 初始化
[2026-03-25 08:21:54] [INFO] [DB-Resolver] 可用資料庫層級: L1(KV)
[2026-03-25 08:21:54] [INFO] [API Service] 處理 GET /api/v1/themes/佈景主題:佈景主題:經典藍
[2026-03-25 08:21:54] [INFO] [API Service] 路由解析結果: filePath=./themes.ts, module=themes, action=, id=佈景主題:佈景主題:經典藍
[2026-03-25 08:21:54] [INFO] [佈景主題 API] 取得佈景主題: 佈景主題:佈景主題:經典藍
[2026-03-25 08:21:54] [INFO] [三層查詢] L1 查詢成功: 佈景主題:佈景主題:佈景主題:經典藍
[2026-03-25 08:21:54] [INFO] [佈景主題 API] 取得佈景主題: 佈景主題:佈景主題:經典藍 (來源: L1)
[2026-03-25 08:22:00] [INFO] [語言解析器] 設定語言: zh-tw
[2026-03-25 08:22:00] [INFO] [DB-Resolver] 處理請求: host=localhost:8000, tenant=default
[2026-03-25 08:22:00] [INFO] [DB-Resolver] L2 連線資訊不存在，跳過 L2 初始化
[2026-03-25 08:22:00] [INFO] [DB-Resolver] 可用資料庫層級: L1(KV)
[2026-03-25 08:22:00] [INFO] [API Service] 處理 GET /api/v1/skeleton
[2026-03-25 08:22:00] [INFO] [API Service] 路由解析結果: filePath=./skeleton.ts, module=skeleton, action=, id=
[2026-03-25 08:22:00] [ERROR] [API Service] 載入模組 ./skeleton.ts 失敗: TypeError: Module not found "file:///Users/hector/%E7%A8%8B%E5%BC%8F%E8%A8%AD%E8%A8%88/webcube2027/services/apiService/skeleton.ts".
[2026-03-25 08:22:00] [INFO] [API Service] 單數轉複數: skeleton -> skeletons
[2026-03-25 08:22:00] [INFO] [骨架 API] 開始取得當前骨架
[2026-03-25 08:22:00] [INFO] [語言解析器] 設定語言: zh-tw
[2026-03-25 08:22:00] [INFO] [DB-Resolver] 處理請求: host=localhost, tenant=default
[2026-03-25 08:22:00] [INFO] [DB-Resolver] L2 連線資訊不存在，跳過 L2 初始化
[2026-03-25 08:22:00] [INFO] [DB-Resolver] 可用資料庫層級: L1(KV)
[2026-03-25 08:22:00] [INFO] [API Service] 處理 GET /api/v1/info
[2026-03-25 08:22:00] [INFO] [API Service] 路由解析結果: filePath=./info.ts, module=info, action=, id=
[2026-03-25 08:22:00] [INFO] [統一資訊 API] 處理取得統一資訊請求
[2026-03-25 08:22:00] [INFO] [語言解析器] 設定語言: zh-tw
[2026-03-25 08:22:00] [INFO] [DB-Resolver] 處理請求: host=localhost, tenant=default
[2026-03-25 08:22:00] [INFO] [DB-Resolver] L2 連線資訊不存在，跳過 L2 初始化
[2026-03-25 08:22:00] [INFO] [DB-Resolver] 可用資料庫層級: L1(KV)
[2026-03-25 08:22:00] [INFO] [API Service] 處理 GET /api/v1/websites/info
[2026-03-25 08:22:00] [INFO] [API Service] 路由解析結果: filePath=./websites/info.ts, module=websites, action=info, id=
[2026-03-25 08:22:00] [INFO] [網站資訊 API] 處理取得網站資訊請求
[2026-03-25 08:22:00] [INFO] [語言解析器] 設定語言: zh-tw
[2026-03-25 08:22:00] [INFO] [DB-Resolver] 處理請求: host=localhost, tenant=default
[2026-03-25 08:22:00] [INFO] [DB-Resolver] L2 連線資訊不存在，跳過 L2 初始化
[2026-03-25 08:22:00] [INFO] [DB-Resolver] 可用資料庫層級: L1(KV)
[2026-03-25 08:22:00] [INFO] [API Service] 處理 GET /api/v1/system/info
[2026-03-25 08:22:00] [INFO] [API Service] 路由解析結果: filePath=./system/info.ts, module=system, action=info, id=
[2026-03-25 08:22:00] [INFO] [系統資訊 API] 處理取得系統資訊請求
[2026-03-25 08:22:00] [INFO] [統一資訊 API] 成功取得系統資訊
[2026-03-25 08:22:00] [INFO] [骨架 API] 從資訊直接取得骨架: 骨架:骨架:經典
[2026-03-25 08:22:00] [INFO] [語言解析器] 設定語言: zh-tw
[2026-03-25 08:22:00] [INFO] [DB-Resolver] 處理請求: host=localhost, tenant=default
[2026-03-25 08:22:00] [INFO] [DB-Resolver] L2 連線資訊不存在，跳過 L2 初始化
[2026-03-25 08:22:00] [INFO] [DB-Resolver] 可用資料庫層級: L1(KV)
[2026-03-25 08:22:00] [INFO] [API Service] 處理 GET /api/v1/skeletons/骨架:骨架:經典
[2026-03-25 08:22:00] [INFO] [API Service] 路由解析結果: filePath=./skeletons.ts, module=skeletons, action=, id=骨架:骨架:經典
[2026-03-25 08:22:00] [INFO] [骨架 API] 取得骨架: 骨架:骨架:經典
[2026-03-25 08:22:00] [INFO] [三層查詢] L1 查詢成功: 骨架:骨架:骨架:經典
[2026-03-25 08:22:00] [INFO] [骨架 API] 取得骨架: 骨架:骨架:經典 (來源: L1)
[2026-03-25 08:24:54] [INFO] [語言解析器] 設定語言: zh-tw
[2026-03-25 08:24:54] [INFO] [DB-Resolver] 處理請求: host=localhost:8000, tenant=default
[2026-03-25 08:24:54] [INFO] [DB-Resolver] L2 連線資訊不存在，跳過 L2 初始化
[2026-03-25 08:24:54] [INFO] [DB-Resolver] 可用資料庫層級: L1(KV)
[2026-03-25 08:24:54] [INFO] [API Service] 處理 GET /api/v1/theme
[2026-03-25 08:24:54] [INFO] [API Service] 路由解析結果: filePath=./theme.ts, module=theme, action=, id=
[2026-03-25 08:24:54] [ERROR] [API Service] 載入模組 ./theme.ts 失敗: TypeError: Module not found "file:///Users/hector/%E7%A8%8B%E5%BC%8F%E8%A8%AD%E8%A8%88/webcube2027/services/apiService/theme.ts".
[2026-03-25 08:24:54] [INFO] [API Service] 單數轉複數: theme -> themes
[2026-03-25 08:24:54] [INFO] [佈景主題 API] 開始取得當前佈景主題
[2026-03-25 08:24:54] [INFO] [語言解析器] 設定語言: zh-tw
[2026-03-25 08:24:54] [INFO] [DB-Resolver] 處理請求: host=localhost, tenant=default
[2026-03-25 08:24:54] [INFO] [DB-Resolver] L2 連線資訊不存在，跳過 L2 初始化
[2026-03-25 08:24:54] [INFO] [DB-Resolver] 可用資料庫層級: L1(KV)
[2026-03-25 08:24:54] [INFO] [API Service] 處理 GET /api/v1/info
[2026-03-25 08:24:54] [INFO] [API Service] 路由解析結果: filePath=./info.ts, module=info, action=, id=
[2026-03-25 08:24:54] [INFO] [統一資訊 API] 處理取得統一資訊請求
[2026-03-25 08:24:54] [INFO] [語言解析器] 設定語言: zh-tw
[2026-03-25 08:24:54] [INFO] [DB-Resolver] 處理請求: host=localhost, tenant=default
[2026-03-25 08:24:54] [INFO] [DB-Resolver] L2 連線資訊不存在，跳過 L2 初始化
[2026-03-25 08:24:54] [INFO] [DB-Resolver] 可用資料庫層級: L1(KV)
[2026-03-25 08:24:54] [INFO] [API Service] 處理 GET /api/v1/websites/info
[2026-03-25 08:24:54] [INFO] [API Service] 路由解析結果: filePath=./websites/info.ts, module=websites, action=info, id=
[2026-03-25 08:24:54] [INFO] [網站資訊 API] 處理取得網站資訊請求
[2026-03-25 08:24:54] [INFO] [語言解析器] 設定語言: zh-tw
[2026-03-25 08:24:54] [INFO] [DB-Resolver] 處理請求: host=localhost, tenant=default
[2026-03-25 08:24:54] [INFO] [DB-Resolver] L2 連線資訊不存在，跳過 L2 初始化
[2026-03-25 08:24:54] [INFO] [DB-Resolver] 可用資料庫層級: L1(KV)
[2026-03-25 08:24:54] [INFO] [API Service] 處理 GET /api/v1/system/info
[2026-03-25 08:24:54] [INFO] [API Service] 路由解析結果: filePath=./system/info.ts, module=system, action=info, id=
[2026-03-25 08:24:54] [INFO] [系統資訊 API] 處理取得系統資訊請求
[2026-03-25 08:24:54] [INFO] [統一資訊 API] 成功取得系統資訊
[2026-03-25 08:24:54] [INFO] [佈景主題 API] 從資訊直接取得佈景主題: 佈景主題:佈景主題:經典藍
[2026-03-25 08:24:54] [INFO] [語言解析器] 設定語言: zh-tw
[2026-03-25 08:24:54] [INFO] [DB-Resolver] 處理請求: host=localhost, tenant=default
[2026-03-25 08:24:54] [INFO] [DB-Resolver] L2 連線資訊不存在，跳過 L2 初始化
[2026-03-25 08:24:54] [INFO] [DB-Resolver] 可用資料庫層級: L1(KV)
[2026-03-25 08:24:54] [INFO] [API Service] 處理 GET /api/v1/themes/佈景主題:佈景主題:經典藍
[2026-03-25 08:24:54] [INFO] [API Service] 路由解析結果: filePath=./themes.ts, module=themes, action=, id=佈景主題:佈景主題:經典藍
[2026-03-25 08:24:54] [INFO] [佈景主題 API] 取得佈景主題: 佈景主題:佈景主題:經典藍
[2026-03-25 08:24:54] [INFO] [三層查詢] L1 查詢成功: 佈景主題:佈景主題:佈景主題:經典藍
[2026-03-25 08:24:54] [INFO] [佈景主題 API] 取得佈景主題: 佈景主題:佈景主題:經典藍 (來源: L1)
[2026-03-25 08:25:03] [INFO] [語言解析器] 設定語言: zh-tw
[2026-03-25 08:25:03] [INFO] [DB-Resolver] 處理請求: host=localhost:8000, tenant=default
[2026-03-25 08:25:03] [INFO] [DB-Resolver] L2 連線資訊不存在，跳過 L2 初始化
[2026-03-25 08:25:03] [INFO] [DB-Resolver] 可用資料庫層級: L1(KV)
[2026-03-25 08:25:03] [INFO] [API Service] 處理 GET /api/v1/skeleton
[2026-03-25 08:25:03] [INFO] [API Service] 路由解析結果: filePath=./skeleton.ts, module=skeleton, action=, id=
[2026-03-25 08:25:03] [ERROR] [API Service] 載入模組 ./skeleton.ts 失敗: TypeError: Module not found "file:///Users/hector/%E7%A8%8B%E5%BC%8F%E8%A8%AD%E8%A8%88/webcube2027/services/apiService/skeleton.ts".
[2026-03-25 08:25:03] [INFO] [API Service] 單數轉複數: skeleton -> skeletons
[2026-03-25 08:25:03] [INFO] [骨架 API] 開始取得當前骨架
[2026-03-25 08:25:03] [INFO] [語言解析器] 設定語言: zh-tw
[2026-03-25 08:25:03] [INFO] [DB-Resolver] 處理請求: host=localhost, tenant=default
[2026-03-25 08:25:03] [INFO] [DB-Resolver] L2 連線資訊不存在，跳過 L2 初始化
[2026-03-25 08:25:03] [INFO] [DB-Resolver] 可用資料庫層級: L1(KV)
[2026-03-25 08:25:03] [INFO] [API Service] 處理 GET /api/v1/info
[2026-03-25 08:25:03] [INFO] [API Service] 路由解析結果: filePath=./info.ts, module=info, action=, id=
[2026-03-25 08:25:03] [INFO] [統一資訊 API] 處理取得統一資訊請求
[2026-03-25 08:25:03] [INFO] [語言解析器] 設定語言: zh-tw
[2026-03-25 08:25:03] [INFO] [DB-Resolver] 處理請求: host=localhost, tenant=default
[2026-03-25 08:25:03] [INFO] [DB-Resolver] L2 連線資訊不存在，跳過 L2 初始化
[2026-03-25 08:25:03] [INFO] [DB-Resolver] 可用資料庫層級: L1(KV)
[2026-03-25 08:25:03] [INFO] [API Service] 處理 GET /api/v1/websites/info
[2026-03-25 08:25:03] [INFO] [API Service] 路由解析結果: filePath=./websites/info.ts, module=websites, action=info, id=
[2026-03-25 08:25:03] [INFO] [網站資訊 API] 處理取得網站資訊請求
[2026-03-25 08:25:03] [INFO] [語言解析器] 設定語言: zh-tw
[2026-03-25 08:25:03] [INFO] [DB-Resolver] 處理請求: host=localhost, tenant=default
[2026-03-25 08:25:03] [INFO] [DB-Resolver] L2 連線資訊不存在，跳過 L2 初始化
[2026-03-25 08:25:03] [INFO] [DB-Resolver] 可用資料庫層級: L1(KV)
[2026-03-25 08:25:03] [INFO] [API Service] 處理 GET /api/v1/system/info
[2026-03-25 08:25:03] [INFO] [API Service] 路由解析結果: filePath=./system/info.ts, module=system, action=info, id=
[2026-03-25 08:25:03] [INFO] [系統資訊 API] 處理取得系統資訊請求
[2026-03-25 08:25:03] [INFO] [統一資訊 API] 成功取得系統資訊
[2026-03-25 08:25:03] [INFO] [骨架 API] 從資訊直接取得骨架: 骨架:骨架:經典
[2026-03-25 08:25:03] [INFO] [語言解析器] 設定語言: zh-tw
[2026-03-25 08:25:03] [INFO] [DB-Resolver] 處理請求: host=localhost, tenant=default
[2026-03-25 08:25:03] [INFO] [DB-Resolver] L2 連線資訊不存在，跳過 L2 初始化
[2026-03-25 08:25:03] [INFO] [DB-Resolver] 可用資料庫層級: L1(KV)
[2026-03-25 08:25:03] [INFO] [API Service] 處理 GET /api/v1/skeletons/骨架:骨架:經典
[2026-03-25 08:25:03] [INFO] [API Service] 路由解析結果: filePath=./skeletons.ts, module=skeletons, action=, id=骨架:骨架:經典
[2026-03-25 08:25:03] [INFO] [骨架 API] 取得骨架: 骨架:骨架:經典
[2026-03-25 08:25:03] [INFO] [三層查詢] L1 查詢成功: 骨架:骨架:骨架:經典
[2026-03-25 08:25:03] [INFO] [骨架 API] 取得骨架: 骨架:骨架:經典 (來源: L1)
